{"version": "1.9", "metadata": {"language": {"name": "python", "engine": "CPython", "version": "3.10.0"}, "client": {"name": "appmap", "url": "https://github.com/applandinc/appmap-python"}, "git": {"repository": "https://github.com/wackerfra/habit_iu", "branch": "master", "commit": "ffaa8d9a27d7ea9d92322946df28b79cf9f14dd4", "status": ["M ../README.md", "M ../habit.db", "A  appmap.yml", "M habit.db", "M test_habit.py", "AM tmp/appmap/pytest/test_check_duration.appmap.json", "AM tmp/appmap/pytest/test_completed_today_fail.appmap.json", "AM tmp/appmap/pytest/test_connect_db.appmap.json", "AM tmp/appmap/pytest/test_get_habits_id.appmap.json", "AM tmp/appmap/pytest/test_get_habits_id_fail.appmap.json", "AM tmp/appmap/pytest/test_get_instance.appmap.json", "AM tmp/appmap/pytest/test_get_instance_fail.appmap.json", "A  tmp/appmap/pytest/test_longest_streak.appmap.json", "A  tmp/appmap/pytest/test_longest_streak_all.appmap.json", "A  tmp/appmap/pytest/test_longest_streak_fail.appmap.json", "AM tmp/appmap/pytest/test_new_habit_fail_description.appmap.json", "AM tmp/appmap/pytest/test_new_habit_fail_name.appmap.json", "A  tmp/appmap/pytest/test_same_periodicy_day.appmap.json", "A  tmp/appmap/pytest/test_same_periodicy_fail.appmap.json", "A  tmp/appmap/pytest/test_show_all_activities.appmap.json", "A  tmp/appmap/pytest/test_show_all_habits.appmap.json", "?? ../__pycache__/", "?? ../appmap.yml", "?? ../src/__pycache__/", "?? __pycache__/"]}, "frameworks": [{"name": "pytest", "version": "7.2.0"}], "recording": {"source_location": "tests\\test_habit.py:10"}, "name": "get instance", "feature": "Get instance", "app": "tests", "recorder": {"name": "pytest", "type": "tests"}, "test_status": "failed", "exception": {"class": "AssertionError", "message": "assert 1 == False\n +  where 1 = <src.habit.Habit object at 0x000001BD927B35E0>.closed"}}, "events": [{"static": true, "parameters": [], "id": 1, "event": "call", "thread_id": 1, "defined_class": "tests.test_habit", "method_id": "test_get_instance", "path": "C:\\Users\\wacke\\PycharmProjects\\HabitTrackerIU\\tests\\test_habit.py", "lineno": 11}, {"exceptions": [{"class": "builtins.AssertionError", "message": "assert 1 == False\n +  where 1 = <src.habit.Habit object at 0x000001BD927B35E0>.closed", "object_id": 1913717728784}], "parent_id": 1, "elapsed": 0.0009982585906982422, "id": 2, "event": "return", "thread_id": 1}], "classMap": [{"name": "tests", "type": "package", "children": [{"name": "test_habit", "type": "class", "children": [{"name": "test_get_instance", "type": "function", "location": "C:\\Users\\wacke\\PycharmProjects\\HabitTrackerIU\\tests\\test_habit.py:11", "static": true}]}]}]}